Build started 1/16/2017 6:04:27 PM.
     1>Project "D:\Coding\Daily Programmer\Maze Solving\Maze Solving.vcxproj" on node 2 (Build target(s)).
     1>ClCompile:
         C:\Program Files (x86)\Microsoft Visual Studio 12.0\VC\bin\CL.exe /c /ZI /nologo /W3 /WX- /sdl /Od /Oy- /D _MBCS /Gm /EHsc /RTC1 /MDd /GS /fp:precise /Zc:wchar_t /Zc:forScope /Fo"Debug\\" /Fd"Debug\vc120.pdb" /Gd /TP /analyze- /errorReport:prompt Source.cpp
         Source.cpp
     1>d:\coding\daily programmer\maze solving\source.cpp(41): warning C4018: '<' : signed/unsigned mismatch
     1>d:\coding\daily programmer\maze solving\source.cpp(43): warning C4018: '<' : signed/unsigned mismatch
     1>d:\coding\daily programmer\maze solving\source.cpp(65): warning C4018: '<' : signed/unsigned mismatch
     1>d:\coding\daily programmer\maze solving\source.cpp(67): warning C4018: '<' : signed/unsigned mismatch
     1>d:\coding\daily programmer\maze solving\source.cpp(70): warning C4018: '<' : signed/unsigned mismatch
     1>d:\coding\daily programmer\maze solving\source.cpp(80): warning C4018: '<' : signed/unsigned mismatch
     1>d:\coding\daily programmer\maze solving\source.cpp(94): warning C4018: '<' : signed/unsigned mismatch
     1>d:\coding\daily programmer\maze solving\source.cpp(102): warning C4018: '<' : signed/unsigned mismatch
     1>d:\coding\daily programmer\maze solving\source.cpp(104): warning C4018: '<' : signed/unsigned mismatch
     1>d:\coding\daily programmer\maze solving\source.cpp(118): warning C4018: '<' : signed/unsigned mismatch
     1>d:\coding\daily programmer\maze solving\source.cpp(125): warning C4018: '<' : signed/unsigned mismatch
     1>d:\coding\daily programmer\maze solving\source.cpp(148): warning C4390: ';' : empty controlled statement found; is this the intent?
       Link:
         C:\Program Files (x86)\Microsoft Visual Studio 12.0\VC\bin\link.exe /ERRORREPORT:PROMPT /OUT:"D:\Coding\Daily Programmer\Maze Solving\Debug\Maze Solving.exe" /INCREMENTAL /NOLOGO kernel32.lib user32.lib gdi32.lib winspool.lib comdlg32.lib advapi32.lib shell32.lib ole32.lib oleaut32.lib uuid.lib odbc32.lib odbccp32.lib /MANIFEST /MANIFESTUAC:"level='asInvoker' uiAccess='false'" /manifest:embed /DEBUG /PDB:"D:\Coding\Daily Programmer\Maze Solving\Debug\Maze Solving.pdb" /SUBSYSTEM:CONSOLE /TLBID:1 /DYNAMICBASE /NXCOMPAT /IMPLIB:"D:\Coding\Daily Programmer\Maze Solving\Debug\Maze Solving.lib" /MACHINE:X86 Debug\Source.obj
         Maze Solving.vcxproj -> D:\Coding\Daily Programmer\Maze Solving\Debug\Maze Solving.exe
     1>Done Building Project "D:\Coding\Daily Programmer\Maze Solving\Maze Solving.vcxproj" (Build target(s)).

Build succeeded.

Time Elapsed 00:00:01.02
